Flow report for EXP4
Sat Dec 02 10:59:32 2017
Quartus II Version 8.1 Build 163 10/28/2008 SJ Web Edition


---------------------
; Table of Contents ;
---------------------
  1. Legal Notice
  2. Flow Summary
  3. Flow Settings
  4. Flow Non-Default Global Settings
  5. Flow Elapsed Time
  6. Flow OS Summary
  7. Flow Log



----------------
; Legal Notice ;
----------------
Copyright (C) 1991-2008 Altera Corporation
Your use of Altera Corporation's design tools, logic functions 
and other software and tools, and its AMPP partner logic 
functions, and any output files from any of the foregoing 
(including device programming or simulation files), and any 
associated documentation or information are expressly subject 
to the terms and conditions of the Altera Program License 
Subscription Agreement, Altera MegaCore Function License 
Agreement, or other applicable license agreement, including, 
without limitation, that your use is for the sole purpose of 
programming logic devices manufactured by Altera and sold by 
Altera or its authorized distributors.  Please refer to the 
applicable agreement for further details.



+------------------------------------------------------------------------------+
; Flow Summary                                                                 ;
+------------------------------------+-----------------------------------------+
; Flow Status                        ; Successful - Sat Dec 02 10:59:32 2017   ;
; Quartus II Version                 ; 8.1 Build 163 10/28/2008 SJ Web Edition ;
; Revision Name                      ; EXP4                                    ;
; Top-level Entity Name              ; EXP4                                    ;
; Family                             ; Cyclone II                              ;
; Device                             ; EP2C8Q208C8                             ;
; Timing Models                      ; Final                                   ;
; Met timing requirements            ; No                                      ;
; Total logic elements               ; 339 / 8,256 ( 4 % )                     ;
;     Total combinational functions  ; 326 / 8,256 ( 4 % )                     ;
;     Dedicated logic registers      ; 44 / 8,256 ( < 1 % )                    ;
; Total registers                    ; 44                                      ;
; Total pins                         ; 70 / 138 ( 51 % )                       ;
; Total virtual pins                 ; 0                                       ;
; Total memory bits                  ; 0 / 165,888 ( 0 % )                     ;
; Embedded Multiplier 9-bit elements ; 0 / 36 ( 0 % )                          ;
; Total PLLs                         ; 0 / 2 ( 0 % )                           ;
+------------------------------------+-----------------------------------------+


+-----------------------------------------+
; Flow Settings                           ;
+-------------------+---------------------+
; Option            ; Setting             ;
+-------------------+---------------------+
; Start date & time ; 12/02/2017 10:59:20 ;
; Main task         ; Compilation         ;
; Revision Name     ; EXP4                ;
+-------------------+---------------------+


+------------------------------------------------------------------------------------------------------------------------+
; Flow Non-Default Global Settings                                                                                       ;
+------------------------------------+------------------------------------+---------------+-------------+----------------+
; Assignment Name                    ; Value                              ; Default Value ; Entity Name ; Section Id     ;
+------------------------------------+------------------------------------+---------------+-------------+----------------+
; COMPILER_SIGNATURE_ID              ; 345052807176.151218356006252       ; --            ; --          ; --             ;
; IP_TOOL_NAME                       ; LPM_CLSHIFT                        ; --            ; --          ; --             ;
; IP_TOOL_VERSION                    ; 8.1                                ; --            ; --          ; --             ;
; MAX_CORE_JUNCTION_TEMP             ; 85                                 ; --            ; --          ; --             ;
; MIN_CORE_JUNCTION_TEMP             ; 0                                  ; --            ; --          ; --             ;
; MISC_FILE                          ; E:/EXP4-2017-11-20/EXP4.dpf        ; --            ; --          ; --             ;
; MISC_FILE                          ; E:/EXP4-2017-11-20 - 副本/EXP4.dpf ; --            ; --          ; --             ;
; MISC_FILE                          ; E:/EXP4-2017-11-21/EXP4.dpf        ; --            ; --          ; --             ;
; MISC_FILE                          ; lpm_clshift0.tdf                   ; --            ; --          ; --             ;
; MISC_FILE                          ; lpm_clshift0.bsf                   ; --            ; --          ; --             ;
; MISC_FILE                          ; lpm_clshift0.inc                   ; --            ; --          ; --             ;
; MISC_FILE                          ; E:/EXP4-2017-11-22 - 优化/EXP4.dpf ; --            ; --          ; --             ;
; PARTITION_COLOR                    ; 16764057                           ; --            ; --          ; Top            ;
; PARTITION_NETLIST_TYPE             ; SOURCE                             ; --            ; --          ; Top            ;
; USE_GENERATED_PHYSICAL_CONSTRAINTS ; Off                                ; --            ; --          ; eda_blast_fpga ;
+------------------------------------+------------------------------------+---------------+-------------+----------------+


+-----------------------------------------------------------------------------------------------------------------------------+
; Flow Elapsed Time                                                                                                           ;
+-------------------------+--------------+-------------------------+---------------------+------------------------------------+
; Module Name             ; Elapsed Time ; Average Processors Used ; Peak Virtual Memory ; Total CPU Time (on all processors) ;
+-------------------------+--------------+-------------------------+---------------------+------------------------------------+
; Analysis & Synthesis    ; 00:00:04     ; 1.0                     ; 281 MB              ; 00:00:04                           ;
; Fitter                  ; 00:00:03     ; 1.0                     ; 291 MB              ; 00:00:03                           ;
; Assembler               ; 00:00:01     ; 1.0                     ; 263 MB              ; 00:00:01                           ;
; Classic Timing Analyzer ; 00:00:01     ; 1.0                     ; 221 MB              ; 00:00:01                           ;
; Total                   ; 00:00:09     ; --                      ; --                  ; 00:00:09                           ;
+-------------------------+--------------+-------------------------+---------------------+------------------------------------+


+------------------------------------------------------------------------------------------+
; Flow OS Summary                                                                          ;
+-------------------------+------------------+---------------+------------+----------------+
; Module Name             ; Machine Hostname ; OS Name       ; OS Version ; Processor type ;
+-------------------------+------------------+---------------+------------+----------------+
; Analysis & Synthesis    ; DESKTOP-IBMUR7L  ; Windows Vista ; 6.2        ; x86_64         ;
; Fitter                  ; DESKTOP-IBMUR7L  ; Windows Vista ; 6.2        ; x86_64         ;
; Assembler               ; DESKTOP-IBMUR7L  ; Windows Vista ; 6.2        ; x86_64         ;
; Classic Timing Analyzer ; DESKTOP-IBMUR7L  ; Windows Vista ; 6.2        ; x86_64         ;
+-------------------------+------------------+---------------+------------+----------------+


------------
; Flow Log ;
------------
quartus_map --read_settings_files=on --write_settings_files=off EXP4 -c EXP4
quartus_fit --read_settings_files=off --write_settings_files=off EXP4 -c EXP4
quartus_asm --read_settings_files=off --write_settings_files=off EXP4 -c EXP4
quartus_tan --read_settings_files=off --write_settings_files=off EXP4 -c EXP4 --timing_analysis_only



