Flow report for EXP3
Wed Nov 08 19:32:26 2017
Quartus II Version 8.1 Build 163 10/28/2008 SJ Web Edition


---------------------
; Table of Contents ;
---------------------
  1. Legal Notice
  2. Flow Summary
  3. Flow Settings
  4. Flow Non-Default Global Settings
  5. Flow Elapsed Time
  6. Flow OS Summary
  7. Flow Log



----------------
; Legal Notice ;
----------------
Copyright (C) 1991-2008 Altera Corporation
Your use of Altera Corporation's design tools, logic functions 
and other software and tools, and its AMPP partner logic 
functions, and any output files from any of the foregoing 
(including device programming or simulation files), and any 
associated documentation or information are expressly subject 
to the terms and conditions of the Altera Program License 
Subscription Agreement, Altera MegaCore Function License 
Agreement, or other applicable license agreement, including, 
without limitation, that your use is for the sole purpose of 
programming logic devices manufactured by Altera and sold by 
Altera or its authorized distributors.  Please refer to the 
applicable agreement for further details.



+------------------------------------------------------------------------------+
; Flow Summary                                                                 ;
+------------------------------------+-----------------------------------------+
; Flow Status                        ; Successful - Wed Nov 08 19:32:26 2017   ;
; Quartus II Version                 ; 8.1 Build 163 10/28/2008 SJ Web Edition ;
; Revision Name                      ; EXP3                                    ;
; Top-level Entity Name              ; EXP3                                    ;
; Family                             ; Cyclone II                              ;
; Device                             ; EP2C8Q208C8                             ;
; Timing Models                      ; Final                                   ;
; Met timing requirements            ; Yes                                     ;
; Total logic elements               ; 287 / 8,256 ( 3 % )                     ;
;     Total combinational functions  ; 270 / 8,256 ( 3 % )                     ;
;     Dedicated logic registers      ; 50 / 8,256 ( < 1 % )                    ;
; Total registers                    ; 50                                      ;
; Total pins                         ; 113 / 138 ( 82 % )                      ;
; Total virtual pins                 ; 0                                       ;
; Total memory bits                  ; 0 / 165,888 ( 0 % )                     ;
; Embedded Multiplier 9-bit elements ; 0 / 36 ( 0 % )                          ;
; Total PLLs                         ; 0 / 2 ( 0 % )                           ;
+------------------------------------+-----------------------------------------+


+-----------------------------------------+
; Flow Settings                           ;
+-------------------+---------------------+
; Option            ; Setting             ;
+-------------------+---------------------+
; Start date & time ; 11/08/2017 19:32:18 ;
; Main task         ; Compilation         ;
; Revision Name     ; EXP3                ;
+-------------------+---------------------+


+-----------------------------------------------------------------------------------------------------------------------------+
; Flow Non-Default Global Settings                                                                                            ;
+------------------------------------+-----------------------------------------+---------------+-------------+----------------+
; Assignment Name                    ; Value                                   ; Default Value ; Entity Name ; Section Id     ;
+------------------------------------+-----------------------------------------+---------------+-------------+----------------+
; COMPILER_SIGNATURE_ID              ; 88623632237511.151014073806604          ; --            ; --          ; --             ;
; IP_TOOL_NAME                       ; LPM_DIVIDE                              ; --            ; --          ; --             ;
; IP_TOOL_NAME                       ; LPM_DIVIDE                              ; --            ; --          ; --             ;
; IP_TOOL_NAME                       ; LPM_DIVIDE                              ; --            ; --          ; --             ;
; IP_TOOL_NAME                       ; LPM_CLSHIFT                             ; --            ; --          ; --             ;
; IP_TOOL_VERSION                    ; 8.1                                     ; --            ; --          ; --             ;
; IP_TOOL_VERSION                    ; 8.1                                     ; --            ; --          ; --             ;
; IP_TOOL_VERSION                    ; 8.1                                     ; --            ; --          ; --             ;
; IP_TOOL_VERSION                    ; 8.1                                     ; --            ; --          ; --             ;
; MAX_CORE_JUNCTION_TEMP             ; 85                                      ; --            ; --          ; --             ;
; MIN_CORE_JUNCTION_TEMP             ; 0                                       ; --            ; --          ; --             ;
; MISC_FILE                          ; E:/EXP3/EXP3/EXP3/EXP3.dpf              ; --            ; --          ; --             ;
; MISC_FILE                          ; E:/EXP3/EXP3/EXP3.dpf                   ; --            ; --          ; --             ;
; MISC_FILE                          ; lpm_divide0.tdf                         ; --            ; --          ; --             ;
; MISC_FILE                          ; lpm_divide0.bsf                         ; --            ; --          ; --             ;
; MISC_FILE                          ; lpm_divide0.inc                         ; --            ; --          ; --             ;
; MISC_FILE                          ; lpm_divide1.tdf                         ; --            ; --          ; --             ;
; MISC_FILE                          ; lpm_divide1.bsf                         ; --            ; --          ; --             ;
; MISC_FILE                          ; lpm_divide1.inc                         ; --            ; --          ; --             ;
; MISC_FILE                          ; lpm_divide2.tdf                         ; --            ; --          ; --             ;
; MISC_FILE                          ; lpm_divide2.bsf                         ; --            ; --          ; --             ;
; MISC_FILE                          ; lpm_divide2.inc                         ; --            ; --          ; --             ;
; MISC_FILE                          ; E:/EXP3/EXP3 - ³ý·¨/EXP3/EXP3/EXP3.dpf  ; --            ; --          ; --             ;
; MISC_FILE                          ; lpm_clshift0.tdf                        ; --            ; --          ; --             ;
; MISC_FILE                          ; lpm_clshift0.bsf                        ; --            ; --          ; --             ;
; MISC_FILE                          ; lpm_clshift0.inc                        ; --            ; --          ; --             ;
; MISC_FILE                          ; E:/EXP3/EXP3 - final/EXP3/EXP3/EXP3.dpf ; --            ; --          ; --             ;
; PARTITION_COLOR                    ; 16764057                                ; --            ; --          ; Top            ;
; PARTITION_NETLIST_TYPE             ; SOURCE                                  ; --            ; --          ; Top            ;
; USE_GENERATED_PHYSICAL_CONSTRAINTS ; Off                                     ; --            ; --          ; eda_blast_fpga ;
+------------------------------------+-----------------------------------------+---------------+-------------+----------------+


+-----------------------------------------------------------------------------------------------------------------------------+
; Flow Elapsed Time                                                                                                           ;
+-------------------------+--------------+-------------------------+---------------------+------------------------------------+
; Module Name             ; Elapsed Time ; Average Processors Used ; Peak Virtual Memory ; Total CPU Time (on all processors) ;
+-------------------------+--------------+-------------------------+---------------------+------------------------------------+
; Analysis & Synthesis    ; 00:00:03     ; 1.0                     ; 252 MB              ; 00:00:02                           ;
; Fitter                  ; 00:00:01     ; 1.0                     ; 268 MB              ; 00:00:02                           ;
; Assembler               ; 00:00:01     ; 1.0                     ; 232 MB              ; 00:00:00                           ;
; Classic Timing Analyzer ; 00:00:01     ; 1.0                     ; 199 MB              ; 00:00:00                           ;
; Total                   ; 00:00:06     ; --                      ; --                  ; 00:00:04                           ;
+-------------------------+--------------+-------------------------+---------------------+------------------------------------+


+------------------------------------------------------------------------------------------+
; Flow OS Summary                                                                          ;
+-------------------------+------------------+---------------+------------+----------------+
; Module Name             ; Machine Hostname ; OS Name       ; OS Version ; Processor type ;
+-------------------------+------------------+---------------+------------+----------------+
; Analysis & Synthesis    ; WIN-4OVDD1VV28   ; Windows Vista ; 6.2        ; x86_64         ;
; Fitter                  ; WIN-4OVDD1VV28   ; Windows Vista ; 6.2        ; x86_64         ;
; Assembler               ; WIN-4OVDD1VV28   ; Windows Vista ; 6.2        ; x86_64         ;
; Classic Timing Analyzer ; WIN-4OVDD1VV28   ; Windows Vista ; 6.2        ; x86_64         ;
+-------------------------+------------------+---------------+------------+----------------+


------------
; Flow Log ;
------------
quartus_map --read_settings_files=on --write_settings_files=off EXP3 -c EXP3
quartus_fit --read_settings_files=off --write_settings_files=off EXP3 -c EXP3
quartus_asm --read_settings_files=off --write_settings_files=off EXP3 -c EXP3
quartus_tan --read_settings_files=off --write_settings_files=off EXP3 -c EXP3 --timing_analysis_only



